<?xml version="1.0" encoding="UTF-8"?>
<!-- Generated by org.testng.reporters.JUnitReportReporter -->
<testsuite hostname="AVINASH" name="total_qa.AllureReportDemo.App" tests="1" failures="0" timestamp="11 Mar 2019 16:34:15 GMT" time="94.377" errors="0">
  <testcase name="verifyHomePageTitle" time="94.377" classname="total_qa.AllureReportDemo.App"/>
</testsuite> <!-- total_qa.AllureReportDemo.App -->
